<component name="libraryTable">
  <library name="junit-4.11">
    <CLASSES>
      <root url="jar://$USER_HOME$/Skoli/junit/junit-4.11.jar!/" />
      <root url="jar://$USER_HOME$/Skoli/junit/hamcrest-core-1.3.jar!/" />
    </CLASSES>
    <JAVADOC />
    <SOURCES />
  </library>
</component>